<?xml version="1.0" encoding="UTF-8"?>
<testng-results ignored="0" total="2" passed="2" failed="0" skipped="0">
  <reporter-output>
  </reporter-output>
  <suite started-at="2024-11-22T17:41:17 IST" name="Default suite" finished-at="2024-11-22T17:41:23 IST" duration-ms="6545">
    <groups>
    </groups>
    <test started-at="2024-11-22T17:41:17 IST" name="Default test" finished-at="2024-11-22T17:41:23 IST" duration-ms="6545">
      <class name="com.APItest.TestQuizAppwithAssertion">
        <test-method signature="test_1()[pri:0, instance:com.APItest.TestQuizAppwithAssertion@77847718]" started-at="2024-11-22T17:41:17 IST" name="test_1" finished-at="2024-11-22T17:41:21 IST" duration-ms="3886" status="PASS">
          <reporter-output>
          </reporter-output>
        </test-method> <!-- test_1 -->
        <test-method signature="test_2()[pri:0, instance:com.APItest.TestQuizAppwithAssertion@77847718]" started-at="2024-11-22T17:41:21 IST" name="test_2" finished-at="2024-11-22T17:41:23 IST" duration-ms="2560" status="PASS">
          <reporter-output>
          </reporter-output>
        </test-method> <!-- test_2 -->
      </class> <!-- com.APItest.TestQuizAppwithAssertion -->
    </test> <!-- Default test -->
  </suite> <!-- Default suite -->
</testng-results>
